build/app/intermediates/manifest_merge_blame_file/debug/manifest-merger-blame-debug-report.txt
1<?xml version="1.0" encoding="utf-8"?>
2<manifest xmlns:android="http://schemas.android.com/apk/res/android"
3    package="com.example.smk.voice_background"
4    android:versionCode="1"
5    android:versionName="1.0.0" >
6
7    <uses-sdk
8        android:minSdkVersion="21"
9        android:targetSdkVersion="31" />
10    <!--
11         The INTERNET permission is required for development. Specifically,
12         the Flutter tool needs it to communicate with the running application
13         to allow setting breakpoints, to provide hot reload, etc.
14    -->
15    <uses-permission android:name="android.permission.INTERNET" />
15-->src\debug\AndroidManifest.xml:7:5-66
15-->src\debug\AndroidManifest.xml:7:22-64
16    <uses-permission android:name="android.permission.ACCESS_COARSE_LOCATION" />
16-->src\main\AndroidManifest.xml:34:5-80
16-->src\main\AndroidManifest.xml:34:22-78
17    <uses-permission android:name="android.permission.ACCESS_FINE_LOCATION" />
17-->src\main\AndroidManifest.xml:35:5-78
17-->src\main\AndroidManifest.xml:35:22-76
18    <uses-permission android:name="android.permission.ACCESS_NETWORK_STATE" />
18-->src\main\AndroidManifest.xml:36:5-78
18-->src\main\AndroidManifest.xml:36:22-76
19    <uses-permission android:name="android.permission.RECORD_AUDIO" />
19-->src\main\AndroidManifest.xml:37:5-70
19-->src\main\AndroidManifest.xml:37:22-68
20    <uses-permission android:name="android.permission.BLUETOOTH" />
20-->src\main\AndroidManifest.xml:38:5-67
20-->src\main\AndroidManifest.xml:38:22-65
21    <uses-permission android:name="android.permission.BLUETOOTH_ADMIN" />
21-->src\main\AndroidManifest.xml:39:5-73
21-->src\main\AndroidManifest.xml:39:22-71
22    <uses-permission android:name="android.permission.BLUETOOTH_CONNECT" />
22-->src\main\AndroidManifest.xml:40:5-75
22-->src\main\AndroidManifest.xml:40:22-73
23
24    <queries>
24-->src\main\AndroidManifest.xml:41:5-45:15
25        <intent>
25-->src\main\AndroidManifest.xml:42:9-44:18
26            <action android:name="android.speech.RecognitionService" />
26-->src\main\AndroidManifest.xml:43:13-71
26-->src\main\AndroidManifest.xml:43:21-69
27        </intent>
28        <intent>
28-->[:flutter_tts] AndroidManifest.xml:10:9-12:18
29            <action android:name="android.intent.action.TTS_SERVICE" />
29-->[:flutter_tts] AndroidManifest.xml:11:13-72
29-->[:flutter_tts] AndroidManifest.xml:11:21-69
30        </intent>
31    </queries>
32
33    <uses-permission android:name="android.permission.FOREGROUND_SERVICE" />
33-->[:flutter_background_service_android] AndroidManifest.xml:9:5-77
33-->[:flutter_background_service_android] AndroidManifest.xml:9:22-74
34    <uses-permission android:name="android.permission.RECEIVE_BOOT_COMPLETED" />
34-->[:flutter_background_service_android] AndroidManifest.xml:10:5-81
34-->[:flutter_background_service_android] AndroidManifest.xml:10:22-78
35    <uses-permission android:name="android.permission.WAKE_LOCK" />
35-->[:flutter_background_service_android] AndroidManifest.xml:11:5-68
35-->[:flutter_background_service_android] AndroidManifest.xml:11:22-65
36
37    <application
38        android:name="android.app.Application"
39        android:appComponentFactory="androidx.core.app.CoreComponentFactory"
39-->[androidx.core:core:1.6.0] AndroidManifest.xml:24:18-86
40        android:debuggable="true"
41        android:icon="@mipmap/ic_launcher"
42        android:label="voice_background" >
43        <activity
44            android:name="com.example.smk.voice_background.MainActivity"
45            android:configChanges="orientation|keyboardHidden|keyboard|screenSize|smallestScreenSize|locale|layoutDirection|fontScale|screenLayout|density|uiMode"
46            android:exported="true"
47            android:hardwareAccelerated="true"
48            android:launchMode="singleTop"
49            android:theme="@style/LaunchTheme"
50            android:windowSoftInputMode="adjustResize" >
51
52            <!--
53                 Specifies an Android theme to apply to this Activity as soon as
54                 the Android process has started. This theme is visible to the user
55                 while the Flutter UI initializes. After that, this theme continues
56                 to determine the Window background behind the Flutter UI.
57            -->
58            <meta-data
59                android:name="io.flutter.embedding.android.NormalTheme"
60                android:resource="@style/NormalTheme" />
61
62            <intent-filter>
63                <action android:name="android.intent.action.MAIN" />
64
65                <category android:name="android.intent.category.LAUNCHER" />
66            </intent-filter>
67        </activity>
68        <!--
69             Don't delete the meta-data below.
70             This is used by the Flutter tool to generate GeneratedPluginRegistrant.java
71        -->
72        <meta-data
73            android:name="flutterEmbedding"
74            android:value="2" />
75
76        <service
76-->[:flutter_background_service_android] AndroidManifest.xml:14:9-17:39
77            android:name="id.flutter.flutter_background_service.BackgroundService"
77-->[:flutter_background_service_android] AndroidManifest.xml:15:13-83
78            android:enabled="true"
78-->[:flutter_background_service_android] AndroidManifest.xml:16:13-35
79            android:exported="true" />
79-->[:flutter_background_service_android] AndroidManifest.xml:17:13-36
80
81        <receiver
81-->[:flutter_background_service_android] AndroidManifest.xml:19:9-22:39
82            android:name="id.flutter.flutter_background_service.WatchdogReceiver"
82-->[:flutter_background_service_android] AndroidManifest.xml:20:13-82
83            android:enabled="true"
83-->[:flutter_background_service_android] AndroidManifest.xml:21:13-35
84            android:exported="true" />
84-->[:flutter_background_service_android] AndroidManifest.xml:22:13-36
85        <receiver
85-->[:flutter_background_service_android] AndroidManifest.xml:23:9-30:20
86            android:name="id.flutter.flutter_background_service.BootReceiver"
86-->[:flutter_background_service_android] AndroidManifest.xml:24:13-78
87            android:enabled="true"
87-->[:flutter_background_service_android] AndroidManifest.xml:25:13-35
88            android:exported="true" >
88-->[:flutter_background_service_android] AndroidManifest.xml:26:13-36
89            <intent-filter>
89-->[:flutter_background_service_android] AndroidManifest.xml:27:13-29:29
90                <action android:name="android.intent.action.BOOT_COMPLETED" />
90-->[:flutter_background_service_android] AndroidManifest.xml:28:17-79
90-->[:flutter_background_service_android] AndroidManifest.xml:28:25-76
91            </intent-filter>
92        </receiver>
93
94        <uses-library
94-->[androidx.window:window:1.0.0-beta04] AndroidManifest.xml:25:9-27:40
95            android:name="androidx.window.extensions"
95-->[androidx.window:window:1.0.0-beta04] AndroidManifest.xml:26:13-54
96            android:required="false" />
96-->[androidx.window:window:1.0.0-beta04] AndroidManifest.xml:27:13-37
97        <uses-library
97-->[androidx.window:window:1.0.0-beta04] AndroidManifest.xml:28:9-30:40
98            android:name="androidx.window.sidecar"
98-->[androidx.window:window:1.0.0-beta04] AndroidManifest.xml:29:13-51
99            android:required="false" />
99-->[androidx.window:window:1.0.0-beta04] AndroidManifest.xml:30:13-37
100    </application>
101
102</manifest>